[11524:43024:0627/213644.548:INFO:components\enterprise\browser\controller\chrome_browser_cloud_management_controller.cc:202] No machine level policy manager exists.
[11524:43024:0627/213645.756:INFO:CONSOLE:21] "Supported image mime types [object Set]", source: https://web.telegram.org/k/index-G-OF5fXo.js (21)
[11524:43024:0627/213646.167:INFO:CONSOLE:21] "Elapsed time since unlocked: 17.815185546875 ms allStates loaded", source: https://web.telegram.org/k/index-G-OF5fXo.js (21)
[11524:43024:0627/213646.167:INFO:CONSOLE:21] "Elapsed time since unlocked: 18.672119140625 ms singleInstance started", source: https://web.telegram.org/k/index-G-OF5fXo.js (21)
[11524:43024:0627/213646.168:INFO:CONSOLE:21] "Elapsed time since unlocked: 19.81005859375 ms sent all states (1)", source: https://web.telegram.org/k/index-G-OF5fXo.js (21)
[11524:43024:0627/213646.304:INFO:CONSOLE:21] "Elapsed time since unlocked: 154.697021484375 ms await I18n.getCacheLangPack()", source: https://web.telegram.org/k/index-G-OF5fXo.js (21)
[11524:43024:0627/213646.307:INFO:CONSOLE:21] "Elapsed time since unlocked: 157.697998046875 ms sent all states (2)", source: https://web.telegram.org/k/index-G-OF5fXo.js (21)
[11524:43024:0627/213646.327:INFO:CONSOLE:21] "got state, time: 576.7999999970198", source: https://web.telegram.org/k/index-G-OF5fXo.js (21)
[11524:43024:0627/213646.327:INFO:CONSOLE:21] "Elapsed time since unlocked: 177.696044921875 ms IMAGE_MIME_TYPES_SUPPORTED_PROMISE", source: https://web.telegram.org/k/index-G-OF5fXo.js (21)
[11524:43024:0627/213646.327:INFO:CONSOLE:21] "Will mount auth page: authStateSignQr 1751049406.327", source: https://web.telegram.org/k/index-G-OF5fXo.js (21)
[11524:43024:0627/213646.807:INFO:CONSOLE:1] "%s [33m%s [0.008] [SW] init", source: https://web.telegram.org/k/sw-Uutp_PI-.js (1)
[11524:43024:0627/213646.808:INFO:CONSOLE:1] "%s [33m%s [0.009] [SW] got 0 windows from the start", source: https://web.telegram.org/k/sw-Uutp_PI-.js (1)
[11524:43024:0627/213646.812:INFO:CONSOLE:1] "%s [33m%s [0.012] [SW] installing", source: https://web.telegram.org/k/sw-Uutp_PI-.js (1)
[11524:43024:0627/213646.812:INFO:CONSOLE:1] "%s [33m%s [0.012] [SW] window connected 36fbafd2-e4da-4a2d-b6a4-93fcb3f93f26 windows before 0", source: https://web.telegram.org/k/sw-Uutp_PI-.js (1)
[11524:43024:0627/213646.812:INFO:CONSOLE:1] "%s [33m%s [0.013] [SW] windows ", source: https://web.telegram.org/k/sw-Uutp_PI-.js (1)
[11524:43024:0627/213646.812:INFO:CONSOLE:1] "%s [33m%s [0.013] [SW] sending message port for mtproto", source: https://web.telegram.org/k/sw-Uutp_PI-.js (1)
[11524:43024:0627/213646.814:INFO:CONSOLE:1] "%s [33m%s [0.014] [SW] skipped waiting", source: https://web.telegram.org/k/sw-Uutp_PI-.js (1)
[11524:43024:0627/213646.814:INFO:CONSOLE:1] "%s [33m%s [0.015] [SW] activating [object ServiceWorkerGlobalScope]", source: https://web.telegram.org/k/sw-Uutp_PI-.js (1)
[11524:43024:0627/213646.815:INFO:CONSOLE:1] "%s [33m%s [0.015] [SW] claimed clients", source: https://web.telegram.org/k/sw-Uutp_PI-.js (1)
[11524:43024:0627/213646.815:INFO:CONSOLE:1] "%s [33m%s [0.016] [SW] cleared assets cache", source: https://web.telegram.org/k/sw-Uutp_PI-.js (1)
[11524:40304:0627/213648.477:ERROR:google_apis\gcm\engine\registration_request.cc:291] Registration response error message: DEPRECATED_ENDPOINT
[11524:40304:0627/213709.483:ERROR:google_apis\gcm\engine\registration_request.cc:291] Registration response error message: DEPRECATED_ENDPOINT
[11524:43024:0627/213714.454:INFO:CONSOLE:0] "The provided application server key is not a VAPID key. Only VAPID keys will be supported in the future. For more information check https://crbug.com/979235.", source: https://web.telegram.org/k/ (0)
[11524:40304:0627/213714.511:ERROR:google_apis\gcm\engine\registration_request.cc:305] Registration HTTP response code not OK: 404
[47020:39940:0627/213716.578:ERROR:net\socket\ssl_client_socket_impl.cc:896] handshake failed; returned -1, SSL error code 1, net_error -100
[47020:39940:0627/213721.582:ERROR:net\socket\ssl_client_socket_impl.cc:896] handshake failed; returned -1, SSL error code 1, net_error -100
[47020:39940:0627/213726.586:ERROR:net\socket\ssl_client_socket_impl.cc:896] handshake failed; returned -1, SSL error code 1, net_error -100
[47020:39940:0627/213731.590:ERROR:net\socket\ssl_client_socket_impl.cc:896] handshake failed; returned -1, SSL error code 1, net_error -100
[47020:39940:0627/213736.593:ERROR:net\socket\ssl_client_socket_impl.cc:896] handshake failed; returned -1, SSL error code 1, net_error -100
[11524:40304:0627/213739.128:ERROR:google_apis\gcm\engine\registration_request.cc:305] Registration HTTP response code not OK: 404
[47020:39940:0627/213741.597:ERROR:net\socket\ssl_client_socket_impl.cc:896] handshake failed; returned -1, SSL error code 1, net_error -100
[47020:39940:0627/213746.603:ERROR:net\socket\ssl_client_socket_impl.cc:896] handshake failed; returned -1, SSL error code 1, net_error -100
[47020:39940:0627/213751.606:ERROR:net\socket\ssl_client_socket_impl.cc:896] handshake failed; returned -1, SSL error code 1, net_error -100
[47020:39940:0627/213756.612:ERROR:net\socket\ssl_client_socket_impl.cc:896] handshake failed; returned -1, SSL error code 1, net_error -100
[11524:40304:0627/213800.569:ERROR:google_apis\gcm\engine\registration_request.cc:291] Registration response error message: DEPRECATED_ENDPOINT
[47020:39940:0627/213801.719:ERROR:net\socket\ssl_client_socket_impl.cc:896] handshake failed; returned -1, SSL error code 1, net_error -100
[47020:39940:0627/213806.725:ERROR:net\socket\ssl_client_socket_impl.cc:896] handshake failed; returned -1, SSL error code 1, net_error -100
[47020:39940:0627/213811.727:ERROR:net\socket\ssl_client_socket_impl.cc:896] handshake failed; returned -1, SSL error code 1, net_error -100
[47020:39940:0627/213816.730:ERROR:net\socket\ssl_client_socket_impl.cc:896] handshake failed; returned -1, SSL error code 1, net_error -100
[47020:39940:0627/213821.794:ERROR:net\socket\ssl_client_socket_impl.cc:896] handshake failed; returned -1, SSL error code 1, net_error -100
[47020:39940:0627/213826.799:ERROR:net\socket\ssl_client_socket_impl.cc:896] handshake failed; returned -1, SSL error code 1, net_error -100
[47020:39940:0627/213831.802:ERROR:net\socket\ssl_client_socket_impl.cc:896] handshake failed; returned -1, SSL error code 1, net_error -100
[11524:40304:0627/213836.333:ERROR:google_apis\gcm\engine\registration_request.cc:305] Registration HTTP response code not OK: 404
[47020:39940:0627/213836.807:ERROR:net\socket\ssl_client_socket_impl.cc:896] handshake failed; returned -1, SSL error code 1, net_error -100
[47020:39940:0627/213841.812:ERROR:net\socket\ssl_client_socket_impl.cc:896] handshake failed; returned -1, SSL error code 1, net_error -100
[47020:39940:0627/213846.819:ERROR:net\socket\ssl_client_socket_impl.cc:896] handshake failed; returned -1, SSL error code 1, net_error -100
[47020:39940:0627/213851.822:ERROR:net\socket\ssl_client_socket_impl.cc:896] handshake failed; returned -1, SSL error code 1, net_error -100
[47020:39940:0627/213856.825:ERROR:net\socket\ssl_client_socket_impl.cc:896] handshake failed; returned -1, SSL error code 1, net_error -100
[11524:40304:0627/213959.583:ERROR:google_apis\gcm\engine\registration_request.cc:291] Registration response error message: DEPRECATED_ENDPOINT
[11524:40304:0627/214026.794:ERROR:google_apis\gcm\engine\registration_request.cc:305] Registration HTTP response code not OK: 404
